time="2024-05-02T15:14:16.360612419Z" level=debug msg="Create shim"
time="2024-05-02T15:14:16.360647785Z" level=debug msg="***************************"
time="2024-05-02T15:14:16.360675517Z" level=debug msg="Args: [/usr/local/bin/containerd-shim-runsc-v1 -namespace k8s.io -address /run/containerd/containerd.sock -publish-binary /usr/local/bin/containerd]"
time="2024-05-02T15:14:16.360702798Z" level=debug msg="PID: 73322"
time="2024-05-02T15:14:16.360713218Z" level=debug msg="ID: 02521dbbb0016b638eccb79d4362ff927dca72a9ebb4f6830781e82fcbc920af"
time="2024-05-02T15:14:16.360741110Z" level=debug msg="Options: {ShimCgroup: IoUID:0 IoGID:0 BinaryName: Root: LogLevel:debug LogPath:/var/log/runsc/%ID%/shim.log RunscConfig:map[debug:true debug-log:/var/log/runsc/%ID%/gvisor.%COMMAND%.log.json debug-log-format:json]}"
time="2024-05-02T15:14:16.360762110Z" level=debug msg="Bundle: /run/containerd/io.containerd.runtime.v2.task/k8s.io/02521dbbb0016b638eccb79d4362ff927dca72a9ebb4f6830781e82fcbc920af"
time="2024-05-02T15:14:16.360774193Z" level=debug msg="Terminal: false"
time="2024-05-02T15:14:16.360783140Z" level=debug msg="stdin: "
time="2024-05-02T15:14:16.360792247Z" level=debug msg="stdout: "
time="2024-05-02T15:14:16.360801294Z" level=debug msg="stderr: "
time="2024-05-02T15:14:16.360810291Z" level=debug msg="***************************"
time="2024-05-02T15:14:16.360955353Z" level=debug msg="For full process dump run: kill -12 73322"
time="2024-05-02T15:14:16.363499245Z" level=debug msg="Executing: [runsc --root=/run/containerd/runsc/k8s.io --log=/run/containerd/io.containerd.runtime.v2.task/k8s.io/02521dbbb0016b638eccb79d4362ff927dca72a9ebb4f6830781e82fcbc920af/log.json --log-format=json --panic-log=/var/log/pods/test-gvisor_memory-test-sandboxed_14427e4c-fc01-415a-864b-6e91cadf86fe/gvisor_panic.log --debug-log=/var/log/runsc/02521dbbb0016b638eccb79d4362ff927dca72a9ebb4f6830781e82fcbc920af/gvisor.%COMMAND%.log.json --debug-log-format=json --debug=true create --bundle /run/containerd/io.containerd.runtime.v2.task/k8s.io/02521dbbb0016b638eccb79d4362ff927dca72a9ebb4f6830781e82fcbc920af --pid-file /run/containerd/io.containerd.runtime.v2.task/k8s.io/02521dbbb0016b638eccb79d4362ff927dca72a9ebb4f6830781e82fcbc920af/init.pid --user-log /var/log/pods/test-gvisor_memory-test-sandboxed_14427e4c-fc01-415a-864b-6e91cadf86fe/gvisor.log 02521dbbb0016b638eccb79d4362ff927dca72a9ebb4f6830781e82fcbc920af]"
time="2024-05-02T15:14:16.404608939Z" level=debug msg="State, id: 02521dbbb0016b638eccb79d4362ff927dca72a9ebb4f6830781e82fcbc920af, execID: "
time="2024-05-02T15:14:16.530520856Z" level=debug msg="Command exit code: 0, err: <nil>"
time="2024-05-02T15:14:16.530837973Z" level=debug msg="Executing: [runsc --root=/run/containerd/runsc/k8s.io --log=/run/containerd/io.containerd.runtime.v2.task/k8s.io/02521dbbb0016b638eccb79d4362ff927dca72a9ebb4f6830781e82fcbc920af/log.json --log-format=json --panic-log=/var/log/pods/test-gvisor_memory-test-sandboxed_14427e4c-fc01-415a-864b-6e91cadf86fe/gvisor_panic.log --debug=true --debug-log=/var/log/runsc/02521dbbb0016b638eccb79d4362ff927dca72a9ebb4f6830781e82fcbc920af/gvisor.%COMMAND%.log.json --debug-log-format=json state 02521dbbb0016b638eccb79d4362ff927dca72a9ebb4f6830781e82fcbc920af]"
time="2024-05-02T15:14:16.531421599Z" level=debug msg="Connect, id: 02521dbbb0016b638eccb79d4362ff927dca72a9ebb4f6830781e82fcbc920af"
time="2024-05-02T15:14:16.533218268Z" level=debug msg="Start, id: 02521dbbb0016b638eccb79d4362ff927dca72a9ebb4f6830781e82fcbc920af, execID: "
time="2024-05-02T15:14:16.533268141Z" level=debug msg="Connect, id: 02521dbbb0016b638eccb79d4362ff927dca72a9ebb4f6830781e82fcbc920af"
time="2024-05-02T15:14:16.533759304Z" level=debug msg="Wait, id: 02521dbbb0016b638eccb79d4362ff927dca72a9ebb4f6830781e82fcbc920af, execID: "
time="2024-05-02T15:14:16.581372715Z" level=debug msg="Command exit code: 0, err: <nil>"
time="2024-05-02T15:14:16.581588611Z" level=debug msg="State succeeded, response: &StateResponse{ID:02521dbbb0016b638eccb79d4362ff927dca72a9ebb4f6830781e82fcbc920af,Bundle:/run/containerd/io.containerd.runtime.v2.task/k8s.io/02521dbbb0016b638eccb79d4362ff927dca72a9ebb4f6830781e82fcbc920af,Pid:73339,Status:CREATED,Stdin:,Stdout:,Stderr:,Terminal:false,ExitStatus:0,ExitedAt:0001-01-01 00:00:00 +0000 UTC,ExecID:,XXX_unrecognized:[],}"
time="2024-05-02T15:14:16.581724395Z" level=debug msg="Executing: [runsc --root=/run/containerd/runsc/k8s.io --log=/run/containerd/io.containerd.runtime.v2.task/k8s.io/02521dbbb0016b638eccb79d4362ff927dca72a9ebb4f6830781e82fcbc920af/log.json --log-format=json --panic-log=/var/log/pods/test-gvisor_memory-test-sandboxed_14427e4c-fc01-415a-864b-6e91cadf86fe/gvisor_panic.log --debug=true --debug-log=/var/log/runsc/02521dbbb0016b638eccb79d4362ff927dca72a9ebb4f6830781e82fcbc920af/gvisor.%COMMAND%.log.json --debug-log-format=json start 02521dbbb0016b638eccb79d4362ff927dca72a9ebb4f6830781e82fcbc920af]"
time="2024-05-02T15:14:16.664191229Z" level=debug msg="Command exit code: 0, err: <nil>"
time="2024-05-02T15:14:16.664469071Z" level=debug msg="Executing: [runsc --root=/run/containerd/runsc/k8s.io --log=/run/containerd/io.containerd.runtime.v2.task/k8s.io/02521dbbb0016b638eccb79d4362ff927dca72a9ebb4f6830781e82fcbc920af/log.json --log-format=json --panic-log=/var/log/pods/test-gvisor_memory-test-sandboxed_14427e4c-fc01-415a-864b-6e91cadf86fe/gvisor_panic.log --debug-log=/var/log/runsc/02521dbbb0016b638eccb79d4362ff927dca72a9ebb4f6830781e82fcbc920af/gvisor.%COMMAND%.log.json --debug-log-format=json --debug=true wait 02521dbbb0016b638eccb79d4362ff927dca72a9ebb4f6830781e82fcbc920af]"
time="2024-05-02T15:14:16.664611479Z" level=debug msg="State, id: 02521dbbb0016b638eccb79d4362ff927dca72a9ebb4f6830781e82fcbc920af, execID: "
time="2024-05-02T15:14:16.664755981Z" level=debug msg="Executing: [runsc --root=/run/containerd/runsc/k8s.io --log=/run/containerd/io.containerd.runtime.v2.task/k8s.io/02521dbbb0016b638eccb79d4362ff927dca72a9ebb4f6830781e82fcbc920af/log.json --log-format=json --panic-log=/var/log/pods/test-gvisor_memory-test-sandboxed_14427e4c-fc01-415a-864b-6e91cadf86fe/gvisor_panic.log --debug=true --debug-log=/var/log/runsc/02521dbbb0016b638eccb79d4362ff927dca72a9ebb4f6830781e82fcbc920af/gvisor.%COMMAND%.log.json --debug-log-format=json state 02521dbbb0016b638eccb79d4362ff927dca72a9ebb4f6830781e82fcbc920af]"
time="2024-05-02T15:14:16.707115924Z" level=debug msg="Command exit code: 0, err: <nil>"
time="2024-05-02T15:14:16.707293749Z" level=debug msg="State succeeded, response: &StateResponse{ID:02521dbbb0016b638eccb79d4362ff927dca72a9ebb4f6830781e82fcbc920af,Bundle:/run/containerd/io.containerd.runtime.v2.task/k8s.io/02521dbbb0016b638eccb79d4362ff927dca72a9ebb4f6830781e82fcbc920af,Pid:73339,Status:RUNNING,Stdin:,Stdout:,Stderr:,Terminal:false,ExitStatus:0,ExitedAt:0001-01-01 00:00:00 +0000 UTC,ExecID:,XXX_unrecognized:[],}"
time="2024-05-02T15:14:17.443362566Z" level=debug msg="State, id: 02521dbbb0016b638eccb79d4362ff927dca72a9ebb4f6830781e82fcbc920af, execID: "
time="2024-05-02T15:14:17.443493463Z" level=debug msg="Executing: [runsc --root=/run/containerd/runsc/k8s.io --log=/run/containerd/io.containerd.runtime.v2.task/k8s.io/02521dbbb0016b638eccb79d4362ff927dca72a9ebb4f6830781e82fcbc920af/log.json --log-format=json --panic-log=/var/log/pods/test-gvisor_memory-test-sandboxed_14427e4c-fc01-415a-864b-6e91cadf86fe/gvisor_panic.log --debug-log-format=json --debug=true --debug-log=/var/log/runsc/02521dbbb0016b638eccb79d4362ff927dca72a9ebb4f6830781e82fcbc920af/gvisor.%COMMAND%.log.json state 02521dbbb0016b638eccb79d4362ff927dca72a9ebb4f6830781e82fcbc920af]"
time="2024-05-02T15:14:17.486350341Z" level=debug msg="Command exit code: 0, err: <nil>"
time="2024-05-02T15:14:17.486500954Z" level=debug msg="State succeeded, response: &StateResponse{ID:02521dbbb0016b638eccb79d4362ff927dca72a9ebb4f6830781e82fcbc920af,Bundle:/run/containerd/io.containerd.runtime.v2.task/k8s.io/02521dbbb0016b638eccb79d4362ff927dca72a9ebb4f6830781e82fcbc920af,Pid:73339,Status:RUNNING,Stdin:,Stdout:,Stderr:,Terminal:false,ExitStatus:0,ExitedAt:0001-01-01 00:00:00 +0000 UTC,ExecID:,XXX_unrecognized:[],}"
time="2024-05-02T15:15:16.710101122Z" level=debug msg="State, id: 02521dbbb0016b638eccb79d4362ff927dca72a9ebb4f6830781e82fcbc920af, execID: "
time="2024-05-02T15:15:16.710224395Z" level=debug msg="Executing: [runsc --root=/run/containerd/runsc/k8s.io --log=/run/containerd/io.containerd.runtime.v2.task/k8s.io/02521dbbb0016b638eccb79d4362ff927dca72a9ebb4f6830781e82fcbc920af/log.json --log-format=json --panic-log=/var/log/pods/test-gvisor_memory-test-sandboxed_14427e4c-fc01-415a-864b-6e91cadf86fe/gvisor_panic.log --debug=true --debug-log=/var/log/runsc/02521dbbb0016b638eccb79d4362ff927dca72a9ebb4f6830781e82fcbc920af/gvisor.%COMMAND%.log.json --debug-log-format=json state 02521dbbb0016b638eccb79d4362ff927dca72a9ebb4f6830781e82fcbc920af]"
time="2024-05-02T15:15:16.754391114Z" level=debug msg="Command exit code: 0, err: <nil>"
time="2024-05-02T15:15:16.754489440Z" level=debug msg="State succeeded, response: &StateResponse{ID:02521dbbb0016b638eccb79d4362ff927dca72a9ebb4f6830781e82fcbc920af,Bundle:/run/containerd/io.containerd.runtime.v2.task/k8s.io/02521dbbb0016b638eccb79d4362ff927dca72a9ebb4f6830781e82fcbc920af,Pid:73339,Status:RUNNING,Stdin:,Stdout:,Stderr:,Terminal:false,ExitStatus:0,ExitedAt:0001-01-01 00:00:00 +0000 UTC,ExecID:,XXX_unrecognized:[],}"
time="2024-05-02T15:15:16.754789093Z" level=debug msg="State, id: 02521dbbb0016b638eccb79d4362ff927dca72a9ebb4f6830781e82fcbc920af, execID: "
time="2024-05-02T15:15:16.754874112Z" level=debug msg="Executing: [runsc --root=/run/containerd/runsc/k8s.io --log=/run/containerd/io.containerd.runtime.v2.task/k8s.io/02521dbbb0016b638eccb79d4362ff927dca72a9ebb4f6830781e82fcbc920af/log.json --log-format=json --panic-log=/var/log/pods/test-gvisor_memory-test-sandboxed_14427e4c-fc01-415a-864b-6e91cadf86fe/gvisor_panic.log --debug-log-format=json --debug=true --debug-log=/var/log/runsc/02521dbbb0016b638eccb79d4362ff927dca72a9ebb4f6830781e82fcbc920af/gvisor.%COMMAND%.log.json state 02521dbbb0016b638eccb79d4362ff927dca72a9ebb4f6830781e82fcbc920af]"
time="2024-05-02T15:15:16.789978675Z" level=debug msg="Command exit code: 0, err: <nil>"
time="2024-05-02T15:15:16.790081338Z" level=debug msg="State succeeded, response: &StateResponse{ID:02521dbbb0016b638eccb79d4362ff927dca72a9ebb4f6830781e82fcbc920af,Bundle:/run/containerd/io.containerd.runtime.v2.task/k8s.io/02521dbbb0016b638eccb79d4362ff927dca72a9ebb4f6830781e82fcbc920af,Pid:73339,Status:RUNNING,Stdin:,Stdout:,Stderr:,Terminal:false,ExitStatus:0,ExitedAt:0001-01-01 00:00:00 +0000 UTC,ExecID:,XXX_unrecognized:[],}"
time="2024-05-02T15:24:20.235157084Z" level=debug msg="State, id: 02521dbbb0016b638eccb79d4362ff927dca72a9ebb4f6830781e82fcbc920af, execID: "
time="2024-05-02T15:24:20.235351350Z" level=debug msg="Executing: [runsc --root=/run/containerd/runsc/k8s.io --log=/run/containerd/io.containerd.runtime.v2.task/k8s.io/02521dbbb0016b638eccb79d4362ff927dca72a9ebb4f6830781e82fcbc920af/log.json --log-format=json --panic-log=/var/log/pods/test-gvisor_memory-test-sandboxed_14427e4c-fc01-415a-864b-6e91cadf86fe/gvisor_panic.log --debug-log-format=json --debug=true --debug-log=/var/log/runsc/02521dbbb0016b638eccb79d4362ff927dca72a9ebb4f6830781e82fcbc920af/gvisor.%COMMAND%.log.json state 02521dbbb0016b638eccb79d4362ff927dca72a9ebb4f6830781e82fcbc920af]"
time="2024-05-02T15:24:20.266341281Z" level=debug msg="Command exit code: 0, err: <nil>"
time="2024-05-02T15:24:20.266505150Z" level=debug msg="State succeeded, response: &StateResponse{ID:02521dbbb0016b638eccb79d4362ff927dca72a9ebb4f6830781e82fcbc920af,Bundle:/run/containerd/io.containerd.runtime.v2.task/k8s.io/02521dbbb0016b638eccb79d4362ff927dca72a9ebb4f6830781e82fcbc920af,Pid:73339,Status:RUNNING,Stdin:,Stdout:,Stderr:,Terminal:false,ExitStatus:0,ExitedAt:0001-01-01 00:00:00 +0000 UTC,ExecID:,XXX_unrecognized:[],}"
time="2024-05-02T15:24:20.267008376Z" level=debug msg="Kill, id: 02521dbbb0016b638eccb79d4362ff927dca72a9ebb4f6830781e82fcbc920af, execID: , signal: 9, all: false"
time="2024-05-02T15:24:20.267121128Z" level=debug msg="Executing: [runsc --root=/run/containerd/runsc/k8s.io --log=/run/containerd/io.containerd.runtime.v2.task/k8s.io/02521dbbb0016b638eccb79d4362ff927dca72a9ebb4f6830781e82fcbc920af/log.json --log-format=json --panic-log=/var/log/pods/test-gvisor_memory-test-sandboxed_14427e4c-fc01-415a-864b-6e91cadf86fe/gvisor_panic.log --debug-log=/var/log/runsc/02521dbbb0016b638eccb79d4362ff927dca72a9ebb4f6830781e82fcbc920af/gvisor.%COMMAND%.log.json --debug-log-format=json --debug=true state 02521dbbb0016b638eccb79d4362ff927dca72a9ebb4f6830781e82fcbc920af]"
time="2024-05-02T15:24:20.302667291Z" level=debug msg="Command exit code: 0, err: <nil>"
time="2024-05-02T15:24:20.302809618Z" level=debug msg="Executing: [runsc --root=/run/containerd/runsc/k8s.io --log=/run/containerd/io.containerd.runtime.v2.task/k8s.io/02521dbbb0016b638eccb79d4362ff927dca72a9ebb4f6830781e82fcbc920af/log.json --log-format=json --panic-log=/var/log/pods/test-gvisor_memory-test-sandboxed_14427e4c-fc01-415a-864b-6e91cadf86fe/gvisor_panic.log --debug=true --debug-log=/var/log/runsc/02521dbbb0016b638eccb79d4362ff927dca72a9ebb4f6830781e82fcbc920af/gvisor.%COMMAND%.log.json --debug-log-format=json kill 02521dbbb0016b638eccb79d4362ff927dca72a9ebb4f6830781e82fcbc920af 9]"
time="2024-05-02T15:24:20.339803875Z" level=debug msg="Command exit code: 0, err: <nil>"
time="2024-05-02T15:24:20.339907581Z" level=debug msg="Kill succeeded"
time="2024-05-02T15:24:20.441721052Z" level=debug msg="Command exit code: 0, err: <nil>"
time="2024-05-02T15:24:20.442054730Z" level=debug msg="Container init process exited, killing all container processes"
time="2024-05-02T15:24:20.442220432Z" level=debug msg="Executing: [runsc --root=/run/containerd/runsc/k8s.io --log=/run/containerd/io.containerd.runtime.v2.task/k8s.io/02521dbbb0016b638eccb79d4362ff927dca72a9ebb4f6830781e82fcbc920af/log.json --log-format=json --panic-log=/var/log/pods/test-gvisor_memory-test-sandboxed_14427e4c-fc01-415a-864b-6e91cadf86fe/gvisor_panic.log --debug=true --debug-log=/var/log/runsc/02521dbbb0016b638eccb79d4362ff927dca72a9ebb4f6830781e82fcbc920af/gvisor.%COMMAND%.log.json --debug-log-format=json kill --all 02521dbbb0016b638eccb79d4362ff927dca72a9ebb4f6830781e82fcbc920af 9]"
time="2024-05-02T15:24:20.479432759Z" level=debug msg="Command exit code: 128, err: <nil>"
time="2024-05-02T15:24:20.479497511Z" level=warning msg="Ignoring error killing container \"02521dbbb0016b638eccb79d4362ff927dca72a9ebb4f6830781e82fcbc920af\": \"runsc\" did not terminate successfully: sandbox is not running\n"
time="2024-05-02T15:24:20.479522087Z" level=debug msg="Setting status: 137"
time="2024-05-02T15:24:20.479706714Z" level=debug msg="Wait succeeded, response: &WaitResponse{ExitStatus:137,ExitedAt:2024-05-02 15:24:20.479533428 +0000 UTC m=+604.153849655,XXX_unrecognized:[],}"
time="2024-05-02T15:24:20.480500618Z" level=debug msg="State, id: 02521dbbb0016b638eccb79d4362ff927dca72a9ebb4f6830781e82fcbc920af, execID: "
time="2024-05-02T15:24:20.480627446Z" level=debug msg="State succeeded, response: &StateResponse{ID:02521dbbb0016b638eccb79d4362ff927dca72a9ebb4f6830781e82fcbc920af,Bundle:/run/containerd/io.containerd.runtime.v2.task/k8s.io/02521dbbb0016b638eccb79d4362ff927dca72a9ebb4f6830781e82fcbc920af,Pid:73339,Status:STOPPED,Stdin:,Stdout:,Stderr:,Terminal:false,ExitStatus:137,ExitedAt:2024-05-02 15:24:20.479533428 +0000 UTC m=+604.153849655,ExecID:,XXX_unrecognized:[],}"
time="2024-05-02T15:24:20.481222987Z" level=debug msg="Kill, id: 02521dbbb0016b638eccb79d4362ff927dca72a9ebb4f6830781e82fcbc920af, execID: , signal: 9, all: true"
time="2024-05-02T15:24:20.481276708Z" level=debug msg="Kill succeeded"
time="2024-05-02T15:24:20.481388047Z" level=debug msg="Connect, id: 02521dbbb0016b638eccb79d4362ff927dca72a9ebb4f6830781e82fcbc920af"
time="2024-05-02T15:24:20.481746742Z" level=debug msg="Wait, id: 02521dbbb0016b638eccb79d4362ff927dca72a9ebb4f6830781e82fcbc920af, execID: "
time="2024-05-02T15:24:20.481844456Z" level=debug msg="Wait succeeded, response: &WaitResponse{ExitStatus:137,ExitedAt:2024-05-02 15:24:20.479533428 +0000 UTC m=+604.153849655,XXX_unrecognized:[],}"
time="2024-05-02T15:24:20.482239008Z" level=debug msg="State, id: 02521dbbb0016b638eccb79d4362ff927dca72a9ebb4f6830781e82fcbc920af, execID: "
time="2024-05-02T15:24:20.482356049Z" level=debug msg="State succeeded, response: &StateResponse{ID:02521dbbb0016b638eccb79d4362ff927dca72a9ebb4f6830781e82fcbc920af,Bundle:/run/containerd/io.containerd.runtime.v2.task/k8s.io/02521dbbb0016b638eccb79d4362ff927dca72a9ebb4f6830781e82fcbc920af,Pid:73339,Status:STOPPED,Stdin:,Stdout:,Stderr:,Terminal:false,ExitStatus:137,ExitedAt:2024-05-02 15:24:20.479533428 +0000 UTC m=+604.153849655,ExecID:,XXX_unrecognized:[],}"
time="2024-05-02T15:24:20.482799322Z" level=debug msg="Delete, id: 02521dbbb0016b638eccb79d4362ff927dca72a9ebb4f6830781e82fcbc920af, execID: "
time="2024-05-02T15:24:20.482917284Z" level=debug msg="Executing: [runsc --root=/run/containerd/runsc/k8s.io --log=/run/containerd/io.containerd.runtime.v2.task/k8s.io/02521dbbb0016b638eccb79d4362ff927dca72a9ebb4f6830781e82fcbc920af/log.json --log-format=json --panic-log=/var/log/pods/test-gvisor_memory-test-sandboxed_14427e4c-fc01-415a-864b-6e91cadf86fe/gvisor_panic.log --debug=true --debug-log=/var/log/runsc/02521dbbb0016b638eccb79d4362ff927dca72a9ebb4f6830781e82fcbc920af/gvisor.%COMMAND%.log.json --debug-log-format=json kill --all 02521dbbb0016b638eccb79d4362ff927dca72a9ebb4f6830781e82fcbc920af 9]"
time="2024-05-02T15:24:20.513925971Z" level=debug msg="Command exit code: 128, err: <nil>"
time="2024-05-02T15:24:20.513986425Z" level=warning msg="Ignoring error killing container \"02521dbbb0016b638eccb79d4362ff927dca72a9ebb4f6830781e82fcbc920af\": \"runsc\" did not terminate successfully: sandbox is not running\n"
time="2024-05-02T15:24:20.514050195Z" level=debug msg="Executing: [runsc --root=/run/containerd/runsc/k8s.io --log=/run/containerd/io.containerd.runtime.v2.task/k8s.io/02521dbbb0016b638eccb79d4362ff927dca72a9ebb4f6830781e82fcbc920af/log.json --log-format=json --panic-log=/var/log/pods/test-gvisor_memory-test-sandboxed_14427e4c-fc01-415a-864b-6e91cadf86fe/gvisor_panic.log --debug=true --debug-log=/var/log/runsc/02521dbbb0016b638eccb79d4362ff927dca72a9ebb4f6830781e82fcbc920af/gvisor.%COMMAND%.log.json --debug-log-format=json delete 02521dbbb0016b638eccb79d4362ff927dca72a9ebb4f6830781e82fcbc920af]"
time="2024-05-02T15:24:20.556758232Z" level=debug msg="Command exit code: 0, err: <nil>"
time="2024-05-02T15:24:20.693858507Z" level=debug msg="Shutdown, id: 02521dbbb0016b638eccb79d4362ff927dca72a9ebb4f6830781e82fcbc920af"
